SF:lib\app\core\failures\app_failure\i_app_failure.dart
DA:4,6
LF:1
LH:1
end_of_record
SF:lib\app\features\home\domain\entities\tree_entity.dart
DA:6,1
DA:11,1
DA:15,1
DA:16,1
DA:17,0
LF:5
LH:4
end_of_record
SF:lib\app\features\home\domain\usecases\get_assets_usecase\get_assets_usecase.dart
DA:11,1
DA:13,1
DA:16,2
DA:18,3
DA:20,2
DA:26,5
DA:30,5
DA:34,5
DA:37,3
DA:39,2
DA:40,6
DA:41,1
DA:44,3
DA:50,3
DA:53,1
DA:54,7
DA:55,1
DA:58,3
DA:64,3
DA:65,3
DA:66,3
DA:67,2
DA:71,1
LF:23
LH:23
end_of_record
SF:lib\app\core\failures\app_failure\app_failure.dart
DA:4,6
LF:1
LH:1
end_of_record
SF:lib\app\core\shared\services\http_Service\helpers\params\http_param.dart
DA:5,3
LF:1
LH:1
end_of_record
SF:lib\app\core\shared\services\http_Service\helpers\responses\http_response.dart
DA:3,3
LF:1
LH:1
end_of_record
SF:lib\app\features\home\domain\entities\item_entity.dart
DA:14,1
LF:1
LH:1
end_of_record
SF:lib\app\features\home\domain\entities\location_entity.dart
DA:9,1
DA:17,1
DA:24,1
DA:25,1
DA:26,1
DA:27,1
DA:28,0
DA:29,1
LF:8
LH:7
end_of_record
SF:lib\app\features\home\domain\helpers\params\get_assets_params.dart
DA:3,3
LF:1
LH:1
end_of_record
SF:lib\app\features\home\domain\helpers\params\get_location_params.dart
DA:3,3
LF:1
LH:1
end_of_record
SF:lib\app\features\home\domain\entities\company_entity.dart
DA:4,1
LF:1
LH:1
end_of_record
SF:lib\app\features\home\domain\usecases\get_companies_usecase\get_companies_usecase.dart
DA:10,1
DA:12,1
DA:14,2
LF:3
LH:3
end_of_record
SF:lib\app\features\home\domain\usecases\get_location_usecase\get_location_usecase.dart
DA:11,1
DA:13,1
DA:16,2
DA:18,3
DA:20,2
DA:26,4
DA:30,4
DA:33,3
DA:35,6
DA:36,1
DA:37,3
DA:43,3
DA:45,6
DA:46,1
DA:47,3
DA:52,1
LF:16
LH:16
end_of_record
SF:lib\app\features\home\external\datasources\get_assets_datasource.dart
DA:10,1
DA:14,1
DA:16,2
DA:17,1
DA:19,2
DA:23,4
LF:6
LH:6
end_of_record
SF:lib\app\features\home\external\datasources\get_companies_datasource.dart
DA:11,1
DA:15,1
DA:17,2
DA:18,1
DA:22,2
DA:23,4
LF:6
LH:6
end_of_record
SF:lib\app\features\home\external\mappers\company_mapper.dart
DA:4,1
DA:5,1
DA:6,1
DA:7,1
LF:4
LH:4
end_of_record
SF:lib\app\features\home\external\datasources\get_location_datasource.dart
DA:10,1
DA:14,1
DA:16,2
DA:17,1
DA:19,2
DA:23,4
LF:6
LH:6
end_of_record
SF:lib\app\features\home\infra\repositories\get_assets_repository.dart
DA:14,1
DA:16,1
DA:20,2
DA:21,1
DA:23,1
DA:24,1
DA:25,0
DA:26,1
DA:27,1
DA:32,1
DA:33,2
LF:11
LH:10
end_of_record
SF:lib\app\features\home\external\mappers\item_mapper.dart
DA:6,0
DA:7,0
DA:8,0
DA:9,0
DA:10,0
DA:11,0
DA:12,0
DA:13,0
DA:14,0
DA:15,0
DA:19,0
DA:20,0
DA:27,0
DA:28,0
DA:30,0
LF:15
LH:0
end_of_record
SF:lib\app\features\home\external\mappers\tree_mapper.dart
DA:5,0
DA:6,0
DA:7,0
DA:8,0
LF:4
LH:0
end_of_record
SF:lib\app\features\home\infra\repositories\get_companies_repository.dart
DA:10,1
DA:12,1
DA:15,2
DA:17,1
DA:18,1
DA:19,1
LF:6
LH:6
end_of_record
SF:lib\app\features\home\infra\repositories\get_location_repository.dart
DA:14,1
DA:16,1
DA:20,2
DA:21,1
DA:22,1
DA:23,1
DA:24,0
DA:25,1
DA:26,1
DA:31,1
DA:32,2
LF:11
LH:10
end_of_record
SF:lib\app\features\home\external\mappers\location_mapper.dart
DA:6,0
DA:7,0
DA:8,0
DA:9,0
DA:10,0
DA:11,0
LF:6
LH:0
end_of_record
